[2025-07-06 11:43:28] [INFO] Yggdrasil Agent Framework
[2025-07-06 11:43:28] [INFO] 使用方法: python3 yggdrasil.py <agent_name> [agent_args...]
[2025-07-06 11:43:28] [INFO] 
利用可能なエージェント:
[2025-07-06 11:43:28] [INFO] - system_health_check_agent
[2025-07-06 11:43:28] [INFO] - manage_agents
[2025-07-06 11:43:28] [INFO] - hello_agent
[2025-07-06 11:43:50] [INFO] --- エージェント 'hello_agent' を実行中 ---
[2025-07-06 11:43:50] [INFO] --- エージェント 'hello_agent' の実行が完了しました ---
[2025-07-06 11:44:16] [INFO] --- エージェント 'manage_agents' を実行中 ---
[2025-07-06 11:44:16] [INFO] 
--- 利用可能なエージェント一覧 ---
[2025-07-06 11:44:16] [INFO] - hello_agent
[2025-07-06 11:44:16] [INFO] - system_health_check_agent
[2025-07-06 11:44:16] [INFO] ----------------------------------
[2025-07-06 11:44:16] [INFO] --- エージェント 'manage_agents' の実行が完了しました ---
[2025-07-06 11:44:25] [INFO] --- エージェント 'system_health_check_agent' を実行中 ---
[2025-07-06 11:44:25] [INFO] --- システム健全性チェックを開始します ---
[2025-07-06 11:44:25] [INFO] 
--- ディレクトリ存在チェック ---
[2025-07-06 11:44:25] [INFO] [OK] 設定 ディレクトリが見つかりました: /home/hirosi/my_yggdrasil_framework/config
[2025-07-06 11:44:25] [INFO] [OK] エージェント ディレクトリが見つかりました: /home/hirosi/my_yggdrasil_framework/agents
[2025-07-06 11:44:25] [INFO] [OK] ログ ディレクトリが見つかりました: /home/hirosi/my_yggdrasil_framework/logs
[2025-07-06 11:44:25] [ERROR] エラー: エージェント 'system_health_check_agent' の実行中に例外が発生しました: name 'UTILS_DIR' is not defined
[2025-07-06 11:44:25] [INFO] --- エージェント 'system_health_check_agent' の実行が完了しました ---
[2025-07-06 11:44:47] [INFO] --- エージェント 'system_health_check_agent' を実行中 ---
[2025-07-06 11:44:47] [INFO] --- システム健全性チェックを開始します ---
[2025-07-06 11:44:47] [INFO] 
--- ディレクトリ存在チェック ---
[2025-07-06 11:44:47] [INFO] [OK] 設定 ディレクトリが見つかりました: /home/hirosi/my_yggdrasil_framework/config
[2025-07-06 11:44:47] [INFO] [OK] エージェント ディレクトリが見つかりました: /home/hirosi/my_yggdrasil_framework/agents
[2025-07-06 11:44:47] [INFO] [OK] ログ ディレクトリが見つかりました: /home/hirosi/my_yggdrasil_framework/logs
[2025-07-06 11:44:47] [INFO] [OK] ユーティリティ ディレクトリが見つかりました: /home/hirosi/my_yggdrasil_framework/utils
[2025-07-06 11:44:47] [INFO] 
--- ディスク空き容量チェック ---
[2025-07-06 11:44:47] [INFO] [OK] ディスク空き容量: 32.37 GB
[2025-07-06 11:44:47] [INFO] 
--- ログファイルサイズチェック ---
[2025-07-06 11:44:47] [INFO] [OK] ログファイルサイズ: 0.00 MB
[2025-07-06 11:44:47] [INFO] 
--- システム健全性チェックが完了しました ---
[2025-07-06 11:44:47] [INFO] 全体的なシステムの状態は良好です。
[2025-07-06 11:44:47] [INFO] --- エージェント 'system_health_check_agent' の実行が完了しました ---
[2025-07-07 00:25:35] [INFO] Yggdrasil Agent Framework
[2025-07-07 00:25:35] [INFO] 使用方法: python3 yggdrasil.py <agent_name> [agent_args...] [--set KEY=VALUE] [--agent-set KEY=VALUE]
[2025-07-07 00:25:35] [INFO] 
[2025-07-07 00:25:35] [INFO] 利用可能なエージェント:
[2025-07-07 00:25:35] [INFO] - system_health_check_agent
[2025-07-07 00:25:35] [INFO] - manage_agents
[2025-07-07 00:25:35] [INFO] - hello_agent
[2025-07-07 00:40:51] [ERROR] エージェント 'model_trainer' が見つかりません。
[2025-07-07 00:41:11] [INFO] エージェント 'model_trainer' の設定ファイルが見つかりません: /home/hirosi/my_yggdrasil_framework/agents/config/model_trainer.json (スキップします)
[2025-07-07 00:41:11] [INFO] --- エージェント 'model_trainer' を実行中 ---
[2025-07-07 00:41:11] [INFO] --- エージェント 'model_trainer' の実行が完了しました ---
[2025-07-07 00:43:10] [INFO] エージェント 'model_trainer' の設定ファイルが見つかりません: /home/hirosi/my_yggdrasil_framework/agents/config/model_trainer.json (スキップします)
[2025-07-07 00:43:10] [INFO] --- エージェント 'model_trainer' を実行中 ---
[2025-07-07 00:43:54] [INFO] --- エージェント 'model_trainer' の実行が完了しました ---
[2025-07-07 00:50:21] [INFO] エージェント 'model_trainer' の設定ファイルが見つかりません: /home/hirosi/my_yggdrasil_framework/agents/config/model_trainer.json (スキップします)
[2025-07-07 00:50:21] [INFO] --- エージェント 'model_trainer' を実行中 ---
[2025-07-07 00:50:45] [INFO] --- エージェント 'model_trainer' の実行が完了しました ---
[2025-07-07 00:51:42] [INFO] エージェント 'model_trainer' の設定ファイルが見つかりません: /home/hirosi/my_yggdrasil_framework/agents/config/model_trainer.json (スキップします)
[2025-07-07 00:51:42] [INFO] --- エージェント 'model_trainer' を実行中 ---
[2025-07-07 00:52:23] [INFO] --- エージェント 'model_trainer' の実行が完了しました ---
[2025-07-07 00:56:00] [INFO] エージェント 'model_trainer' の設定ファイルが見つかりません: /home/hirosi/my_yggdrasil_framework/agents/config/model_trainer.json (スキップします)
[2025-07-07 00:56:00] [INFO] --- エージェント 'model_trainer' を実行中 ---
[2025-07-07 00:56:16] [INFO] --- エージェント 'model_trainer' の実行が完了しました ---
[2025-07-07 01:08:25] [INFO] エージェント 'model_trainer' の設定ファイルが見つかりません: /home/hirosi/my_yggdrasil_framework/agents/config/model_trainer.json (スキップします)
[2025-07-07 01:08:25] [INFO] --- エージェント 'model_trainer' を実行中 ---
[2025-07-07 01:08:40] [INFO] --- エージェント 'model_trainer' の実行が完了しました ---
[2025-07-07 01:12:20] [INFO] エージェント 'model_trainer' の設定ファイルが見つかりません: /home/hirosi/my_yggdrasil_framework/agents/config/model_trainer.json (スキップします)
[2025-07-07 01:12:20] [INFO] --- エージェント 'model_trainer' を実行中 ---
[2025-07-07 01:12:36] [INFO] --- エージェント 'model_trainer' の実行が完了しました ---
[2025-07-07 01:23:04] [INFO] エージェント 'model_trainer' の設定ファイルが見つかりません: /home/hirosi/my_yggdrasil_framework/agents/config/model_trainer.json (スキップします)
[2025-07-07 01:23:04] [INFO] --- エージェント 'model_trainer' を実行中 ---
[2025-07-07 01:23:20] [INFO] --- エージェント 'model_trainer' の実行が完了しました ---
[2025-07-07 01:24:14] [INFO] エージェント 'model_trainer' の設定ファイルが見つかりません: /home/hirosi/my_yggdrasil_framework/agents/config/model_trainer.json (スキップします)
[2025-07-07 01:24:14] [INFO] --- エージェント 'model_trainer' を実行中 ---
[2025-07-07 01:24:14] [INFO] --- エージェント 'model_trainer' の実行が完了しました ---
[2025-07-07 01:25:30] [INFO] エージェント 'model_trainer' の設定ファイルが見つかりません: /home/hirosi/my_yggdrasil_framework/agents/config/model_trainer.json (スキップします)
[2025-07-07 01:25:30] [INFO] --- エージェント 'model_trainer' を実行中 ---
[2025-07-07 01:25:32] [INFO] --- エージェント 'model_trainer' の実行が完了しました ---
[2025-07-07 01:42:25] [INFO] エージェント 'pipeline_orchestrator' の設定ファイルが見つかりません: /home/hirosi/my_yggdrasil_framework/agents/config/pipeline_orchestrator.json (スキップします)
[2025-07-07 01:42:25] [INFO] --- エージェント 'pipeline_orchestrator' を実行中 ---
[2025-07-07 01:42:25] [INFO] エージェント 'model_trainer' の設定ファイルが見つかりません: /home/hirosi/my_yggdrasil_framework/agents/config/model_trainer.json (スキップします)
[2025-07-07 01:42:25] [INFO] --- エージェント 'model_trainer' を実行中 ---
[2025-07-07 01:42:25] [INFO] --- エージェント 'model_trainer' の実行が完了しました ---
[2025-07-07 01:42:25] [INFO] エージェント 'model_trainer' の設定ファイルが見つかりません: /home/hirosi/my_yggdrasil_framework/agents/config/model_trainer.json (スキップします)
[2025-07-07 01:42:25] [INFO] --- エージェント 'model_trainer' を実行中 ---
[2025-07-07 01:42:31] [INFO] --- エージェント 'model_trainer' の実行が完了しました ---
[2025-07-07 01:42:31] [INFO] エージェント 'model_trainer' の設定ファイルが見つかりません: /home/hirosi/my_yggdrasil_framework/agents/config/model_trainer.json (スキップします)
[2025-07-07 01:42:31] [INFO] --- エージェント 'model_trainer' を実行中 ---
[2025-07-07 01:42:36] [INFO] --- エージェント 'model_trainer' の実行が完了しました ---
[2025-07-07 01:42:36] [INFO] --- エージェント 'pipeline_orchestrator' の実行が完了しました ---
[2025-07-07 01:46:49] [INFO] エージェント 'pipeline_orchestrator' の設定ファイルが見つかりません: /home/hirosi/my_yggdrasil_framework/agents/config/pipeline_orchestrator.json (スキップします)
[2025-07-07 01:46:49] [INFO] --- エージェント 'pipeline_orchestrator' を実行中 ---
[2025-07-07 01:46:49] [INFO] エージェント 'model_trainer' の設定ファイルが見つかりません: /home/hirosi/my_yggdrasil_framework/agents/config/model_trainer.json (スキップします)
[2025-07-07 01:46:49] [ERROR] エラー: エージェント 'model_trainer' の実行中に例外が発生しました: invalid syntax (model_trainer.py, line 54)
[2025-07-07 01:46:49] [INFO] --- エージェント 'model_trainer' の実行が完了しました ---
[2025-07-07 01:46:49] [INFO] エージェント 'model_trainer' の設定ファイルが見つかりません: /home/hirosi/my_yggdrasil_framework/agents/config/model_trainer.json (スキップします)
[2025-07-07 01:46:49] [ERROR] エラー: エージェント 'model_trainer' の実行中に例外が発生しました: invalid syntax (model_trainer.py, line 54)
[2025-07-07 01:46:49] [INFO] --- エージェント 'model_trainer' の実行が完了しました ---
[2025-07-07 01:46:49] [INFO] エージェント 'model_trainer' の設定ファイルが見つかりません: /home/hirosi/my_yggdrasil_framework/agents/config/model_trainer.json (スキップします)
[2025-07-07 01:46:49] [ERROR] エラー: エージェント 'model_trainer' の実行中に例外が発生しました: invalid syntax (model_trainer.py, line 54)
[2025-07-07 01:46:49] [INFO] --- エージェント 'model_trainer' の実行が完了しました ---
[2025-07-07 01:46:49] [INFO] --- エージェント 'pipeline_orchestrator' の実行が完了しました ---
[2025-07-07 01:47:45] [INFO] エージェント 'pipeline_orchestrator' の設定ファイルが見つかりません: /home/hirosi/my_yggdrasil_framework/agents/config/pipeline_orchestrator.json (スキップします)
[2025-07-07 01:47:45] [INFO] --- エージェント 'pipeline_orchestrator' を実行中 ---
[2025-07-07 01:47:45] [INFO] エージェント 'model_trainer' の設定ファイルが見つかりません: /home/hirosi/my_yggdrasil_framework/agents/config/model_trainer.json (スキップします)
[2025-07-07 01:47:45] [INFO] --- エージェント 'model_trainer' を実行中 ---
[2025-07-07 01:47:45] [INFO] --- エージェント 'model_trainer' の実行が完了しました ---
[2025-07-07 01:47:45] [INFO] エージェント 'model_trainer' の設定ファイルが見つかりません: /home/hirosi/my_yggdrasil_framework/agents/config/model_trainer.json (スキップします)
[2025-07-07 01:47:45] [INFO] --- エージェント 'model_trainer' を実行中 ---
[2025-07-07 01:47:52] [INFO] --- エージェント 'model_trainer' の実行が完了しました ---
[2025-07-07 01:47:52] [INFO] エージェント 'model_trainer' の設定ファイルが見つかりません: /home/hirosi/my_yggdrasil_framework/agents/config/model_trainer.json (スキップします)
[2025-07-07 01:47:52] [INFO] --- エージェント 'model_trainer' を実行中 ---
[2025-07-07 01:47:57] [INFO] --- エージェント 'model_trainer' の実行が完了しました ---
[2025-07-07 01:47:57] [INFO] --- エージェント 'pipeline_orchestrator' の実行が完了しました ---
[2025-07-07 01:50:20] [INFO] エージェント 'pipeline_orchestrator' の設定ファイルが見つかりません: /home/hirosi/my_yggdrasil_framework/agents/config/pipeline_orchestrator.json (スキップします)
[2025-07-07 01:50:20] [INFO] --- エージェント 'pipeline_orchestrator' を実行中 ---
[2025-07-07 01:50:20] [INFO] エージェント 'model_trainer' の設定ファイルが見つかりません: /home/hirosi/my_yggdrasil_framework/agents/config/model_trainer.json (スキップします)
[2025-07-07 01:50:20] [INFO] --- エージェント 'model_trainer' を実行中 ---
[2025-07-07 01:50:20] [INFO] --- エージェント 'model_trainer' の実行が完了しました ---
[2025-07-07 01:50:20] [INFO] エージェント 'model_trainer' の設定ファイルが見つかりません: /home/hirosi/my_yggdrasil_framework/agents/config/model_trainer.json (スキップします)
[2025-07-07 01:50:20] [INFO] --- エージェント 'model_trainer' を実行中 ---
[2025-07-07 01:50:27] [INFO] --- エージェント 'model_trainer' の実行が完了しました ---
[2025-07-07 01:50:27] [INFO] エージェント 'model_trainer' の設定ファイルが見つかりません: /home/hirosi/my_yggdrasil_framework/agents/config/model_trainer.json (スキップします)
[2025-07-07 01:50:27] [INFO] --- エージェント 'model_trainer' を実行中 ---
[2025-07-07 01:50:33] [INFO] --- エージェント 'model_trainer' の実行が完了しました ---
[2025-07-07 01:50:33] [INFO] --- エージェント 'pipeline_orchestrator' の実行が完了しました ---
[2025-07-07 02:51:35] [INFO] エージェント 'pipeline_orchestrator' の設定ファイルが見つかりません: /home/hirosi/my_yggdrasil_framework/agents/config/pipeline_orchestrator.json (スキップします)
[2025-07-07 02:51:35] [INFO] --- エージェント 'pipeline_orchestrator' を実行中 ---
[2025-07-07 02:51:35] [INFO] エージェント 'model_trainer' の設定ファイルが見つかりません: /home/hirosi/my_yggdrasil_framework/agents/config/model_trainer.json (スキップします)
[2025-07-07 02:51:35] [INFO] --- エージェント 'model_trainer' を実行中 ---
[2025-07-07 02:51:35] [INFO] --- エージェント 'model_trainer' の実行が完了しました ---
[2025-07-07 02:51:35] [INFO] エージェント 'model_trainer' の設定ファイルが見つかりません: /home/hirosi/my_yggdrasil_framework/agents/config/model_trainer.json (スキップします)
[2025-07-07 02:51:35] [INFO] --- エージェント 'model_trainer' を実行中 ---
[2025-07-07 02:51:58] [INFO] --- エージェント 'model_trainer' の実行が完了しました ---
[2025-07-07 02:51:59] [INFO] エージェント 'model_trainer' の設定ファイルが見つかりません: /home/hirosi/my_yggdrasil_framework/agents/config/model_trainer.json (スキップします)
[2025-07-07 02:51:59] [INFO] --- エージェント 'model_trainer' を実行中 ---
[2025-07-07 02:52:08] [INFO] --- エージェント 'model_trainer' の実行が完了しました ---
[2025-07-07 02:52:08] [INFO] --- エージェント 'pipeline_orchestrator' の実行が完了しました ---
[2025-07-07 07:18:37] [INFO] エージェント 'pipeline_orchestrator' の設定ファイルが見つかりません: /home/hirosi/my_yggdrasil_framework/agents/config/pipeline_orchestrator.json (スキップします)
[2025-07-07 07:18:39] [INFO] --- エージェント 'pipeline_orchestrator' を実行中 ---
[2025-07-07 07:18:39] [INFO] エージェント 'model_trainer' の設定ファイルが見つかりません: /home/hirosi/my_yggdrasil_framework/agents/config/model_trainer.json (スキップします)
[2025-07-07 07:18:39] [INFO] --- エージェント 'model_trainer' を実行中 ---
[2025-07-07 07:18:39] [INFO] --- エージェント 'model_trainer' の実行が完了しました ---
[2025-07-07 07:18:39] [INFO] エージェント 'model_trainer' の設定ファイルが見つかりません: /home/hirosi/my_yggdrasil_framework/agents/config/model_trainer.json (スキップします)
[2025-07-07 07:18:39] [INFO] --- エージェント 'model_trainer' を実行中 ---
[2025-07-07 07:19:07] [INFO] --- エージェント 'model_trainer' の実行が完了しました ---
[2025-07-07 07:19:07] [INFO] エージェント 'model_trainer' の設定ファイルが見つかりません: /home/hirosi/my_yggdrasil_framework/agents/config/model_trainer.json (スキップします)
[2025-07-07 07:19:07] [INFO] --- エージェント 'model_trainer' を実行中 ---
[2025-07-07 07:19:17] [INFO] --- エージェント 'model_trainer' の実行が完了しました ---
[2025-07-07 07:19:17] [INFO] --- エージェント 'pipeline_orchestrator' の実行が完了しました ---
[2025-07-07 07:20:36] [INFO] エージェント 'pipeline_orchestrator' の設定ファイルが見つかりません: /home/hirosi/my_yggdrasil_framework/agents/config/pipeline_orchestrator.json (スキップします)
[2025-07-07 07:20:37] [INFO] --- エージェント 'pipeline_orchestrator' を実行中 ---
[2025-07-07 07:20:38] [INFO] エージェント 'model_trainer' の設定ファイルが見つかりません: /home/hirosi/my_yggdrasil_framework/agents/config/model_trainer.json (スキップします)
[2025-07-07 07:20:38] [INFO] --- エージェント 'model_trainer' を実行中 ---
[2025-07-07 07:20:38] [INFO] --- エージェント 'model_trainer' の実行が完了しました ---
[2025-07-07 07:20:38] [INFO] エージェント 'model_trainer' の設定ファイルが見つかりません: /home/hirosi/my_yggdrasil_framework/agents/config/model_trainer.json (スキップします)
[2025-07-07 07:20:38] [INFO] --- エージェント 'model_trainer' を実行中 ---
[2025-07-07 07:20:59] [INFO] --- エージェント 'model_trainer' の実行が完了しました ---
[2025-07-07 07:20:59] [INFO] エージェント 'model_trainer' の設定ファイルが見つかりません: /home/hirosi/my_yggdrasil_framework/agents/config/model_trainer.json (スキップします)
[2025-07-07 07:20:59] [INFO] --- エージェント 'model_trainer' を実行中 ---
[2025-07-07 07:21:10] [INFO] --- エージェント 'model_trainer' の実行が完了しました ---
[2025-07-07 07:21:10] [INFO] --- エージェント 'pipeline_orchestrator' の実行が完了しました ---
[2025-07-07 20:27:20] [INFO] エージェント 'pipeline_orchestrator' の設定ファイルが見つかりません: /home/hirosi/my_yggdrasil_framework/agents/config/pipeline_orchestrator.json (スキップします)
[2025-07-07 20:27:20] [ERROR] エラー: エージェント 'pipeline_orchestrator' のインポートに失敗しました。
[2025-07-07 20:27:20] [INFO] --- エージェント 'pipeline_orchestrator' の実行が完了しました ---
[2025-07-07 20:28:49] [INFO] エージェント 'pipeline_orchestrator' の設定ファイルが見つかりません: /home/hirosi/my_yggdrasil_framework/agents/config/pipeline_orchestrator.json (スキップします)
[2025-07-07 20:28:51] [INFO] --- エージェント 'pipeline_orchestrator' を実行中 ---
[2025-07-07 20:28:51] [INFO] エージェント 'model_trainer' の設定ファイルが見つかりません: /home/hirosi/my_yggdrasil_framework/agents/config/model_trainer.json (スキップします)
[2025-07-07 20:28:51] [INFO] --- エージェント 'model_trainer' を実行中 ---
[2025-07-07 20:28:51] [INFO] --- エージェント 'model_trainer' の実行が完了しました ---
[2025-07-07 20:28:51] [INFO] エージェント 'model_trainer' の設定ファイルが見つかりません: /home/hirosi/my_yggdrasil_framework/agents/config/model_trainer.json (スキップします)
[2025-07-07 20:28:51] [INFO] --- エージェント 'model_trainer' を実行中 ---
[2025-07-07 20:29:11] [INFO] --- エージェント 'model_trainer' の実行が完了しました ---
[2025-07-07 20:29:11] [INFO] エージェント 'model_trainer' の設定ファイルが見つかりません: /home/hirosi/my_yggdrasil_framework/agents/config/model_trainer.json (スキップします)
[2025-07-07 20:29:11] [INFO] --- エージェント 'model_trainer' を実行中 ---
[2025-07-07 20:29:18] [INFO] --- エージェント 'model_trainer' の実行が完了しました ---
[2025-07-07 20:29:18] [INFO] --- エージェント 'pipeline_orchestrator' の実行が完了しました ---
[2025-07-07 20:29:59] [INFO] エージェント 'pipeline_orchestrator' の設定ファイルが見つかりません: /home/hirosi/my_yggdrasil_framework/agents/config/pipeline_orchestrator.json (スキップします)
[2025-07-07 20:30:01] [INFO] --- エージェント 'pipeline_orchestrator' を実行中 ---
[2025-07-07 20:30:01] [INFO] エージェント 'model_trainer' の設定ファイルが見つかりません: /home/hirosi/my_yggdrasil_framework/agents/config/model_trainer.json (スキップします)
[2025-07-07 20:30:01] [INFO] --- エージェント 'model_trainer' を実行中 ---
[2025-07-07 20:30:01] [INFO] --- エージェント 'model_trainer' の実行が完了しました ---
[2025-07-07 20:30:01] [INFO] エージェント 'model_trainer' の設定ファイルが見つかりません: /home/hirosi/my_yggdrasil_framework/agents/config/model_trainer.json (スキップします)
[2025-07-07 20:30:01] [INFO] --- エージェント 'model_trainer' を実行中 ---
[2025-07-07 20:30:16] [INFO] --- エージェント 'model_trainer' の実行が完了しました ---
[2025-07-07 20:30:16] [INFO] エージェント 'model_trainer' の設定ファイルが見つかりません: /home/hirosi/my_yggdrasil_framework/agents/config/model_trainer.json (スキップします)
[2025-07-07 20:30:16] [INFO] --- エージェント 'model_trainer' を実行中 ---
[2025-07-07 20:30:23] [INFO] --- エージェント 'model_trainer' の実行が完了しました ---
[2025-07-07 20:30:23] [INFO] --- エージェント 'pipeline_orchestrator' の実行が完了しました ---
[2025-07-07 20:34:26] [INFO] エージェント 'pipeline_orchestrator' の設定ファイルが見つかりません: /home/hirosi/my_yggdrasil_framework/agents/config/pipeline_orchestrator.json (スキップします)
[2025-07-07 20:34:26] [INFO] --- エージェント 'pipeline_orchestrator' を実行中 ---
[2025-07-07 20:34:26] [INFO] エージェント 'model_trainer' の設定ファイルが見つかりません: /home/hirosi/my_yggdrasil_framework/agents/config/model_trainer.json (スキップします)
[2025-07-07 20:34:26] [INFO] --- エージェント 'model_trainer' を実行中 ---
[2025-07-07 20:34:27] [INFO] --- エージェント 'model_trainer' の実行が完了しました ---
[2025-07-07 20:34:27] [INFO] エージェント 'model_trainer' の設定ファイルが見つかりません: /home/hirosi/my_yggdrasil_framework/agents/config/model_trainer.json (スキップします)
[2025-07-07 20:34:27] [INFO] --- エージェント 'model_trainer' を実行中 ---
[2025-07-07 20:34:33] [INFO] --- エージェント 'model_trainer' の実行が完了しました ---
[2025-07-07 20:34:33] [INFO] エージェント 'model_trainer' の設定ファイルが見つかりません: /home/hirosi/my_yggdrasil_framework/agents/config/model_trainer.json (スキップします)
[2025-07-07 20:34:33] [INFO] --- エージェント 'model_trainer' を実行中 ---
[2025-07-07 20:34:39] [INFO] --- エージェント 'model_trainer' の実行が完了しました ---
[2025-07-07 20:34:39] [INFO] --- エージェント 'pipeline_orchestrator' の実行が完了しました ---
[2025-07-07 20:42:12] [INFO] エージェント 'pipeline_orchestrator' の設定ファイルが見つかりません: /home/hirosi/my_yggdrasil_framework/agents/config/pipeline_orchestrator.json (スキップします)
[2025-07-07 20:42:12] [INFO] --- エージェント 'pipeline_orchestrator' を実行中 ---
[2025-07-07 20:42:12] [INFO] エージェント 'model_trainer' の設定ファイルが見つかりません: /home/hirosi/my_yggdrasil_framework/agents/config/model_trainer.json (スキップします)
[2025-07-07 20:42:12] [INFO] --- エージェント 'model_trainer' を実行中 ---
[2025-07-07 20:42:12] [INFO] --- エージェント 'model_trainer' の実行が完了しました ---
[2025-07-07 20:42:12] [INFO] エージェント 'model_trainer' の設定ファイルが見つかりません: /home/hirosi/my_yggdrasil_framework/agents/config/model_trainer.json (スキップします)
[2025-07-07 20:42:12] [INFO] --- エージェント 'model_trainer' を実行中 ---
[2025-07-07 20:42:19] [INFO] --- エージェント 'model_trainer' の実行が完了しました ---
[2025-07-07 20:42:19] [INFO] エージェント 'model_trainer' の設定ファイルが見つかりません: /home/hirosi/my_yggdrasil_framework/agents/config/model_trainer.json (スキップします)
[2025-07-07 20:42:19] [INFO] --- エージェント 'model_trainer' を実行中 ---
[2025-07-07 20:42:26] [INFO] --- エージェント 'model_trainer' の実行が完了しました ---
[2025-07-07 20:42:26] [INFO] --- エージェント 'pipeline_orchestrator' の実行が完了しました ---
[2025-07-07 20:42:33] [INFO] エージェント 'pipeline_orchestrator' の設定ファイルが見つかりません: /home/hirosi/my_yggdrasil_framework/agents/config/pipeline_orchestrator.json (スキップします)
[2025-07-07 20:42:33] [INFO] --- エージェント 'pipeline_orchestrator' を実行中 ---
[2025-07-07 20:42:33] [INFO] エージェント 'model_trainer' の設定ファイルが見つかりません: /home/hirosi/my_yggdrasil_framework/agents/config/model_trainer.json (スキップします)
[2025-07-07 20:42:33] [INFO] --- エージェント 'model_trainer' を実行中 ---
[2025-07-07 20:42:33] [INFO] --- エージェント 'model_trainer' の実行が完了しました ---
[2025-07-07 20:42:33] [INFO] エージェント 'model_trainer' の設定ファイルが見つかりません: /home/hirosi/my_yggdrasil_framework/agents/config/model_trainer.json (スキップします)
[2025-07-07 20:42:33] [INFO] --- エージェント 'model_trainer' を実行中 ---
[2025-07-07 20:42:40] [INFO] --- エージェント 'model_trainer' の実行が完了しました ---
[2025-07-07 20:42:40] [INFO] エージェント 'model_trainer' の設定ファイルが見つかりません: /home/hirosi/my_yggdrasil_framework/agents/config/model_trainer.json (スキップします)
[2025-07-07 20:42:40] [INFO] --- エージェント 'model_trainer' を実行中 ---
[2025-07-07 20:42:46] [INFO] --- エージェント 'model_trainer' の実行が完了しました ---
[2025-07-07 20:42:46] [INFO] --- エージェント 'pipeline_orchestrator' の実行が完了しました ---
[2025-07-07 20:42:53] [INFO] エージェント 'pipeline_orchestrator' の設定ファイルが見つかりません: /home/hirosi/my_yggdrasil_framework/agents/config/pipeline_orchestrator.json (スキップします)
[2025-07-07 20:42:53] [INFO] --- エージェント 'pipeline_orchestrator' を実行中 ---
[2025-07-07 20:42:53] [INFO] エージェント 'model_trainer' の設定ファイルが見つかりません: /home/hirosi/my_yggdrasil_framework/agents/config/model_trainer.json (スキップします)
[2025-07-07 20:42:53] [INFO] --- エージェント 'model_trainer' を実行中 ---
[2025-07-07 20:42:53] [INFO] --- エージェント 'model_trainer' の実行が完了しました ---
[2025-07-07 20:42:53] [INFO] エージェント 'model_trainer' の設定ファイルが見つかりません: /home/hirosi/my_yggdrasil_framework/agents/config/model_trainer.json (スキップします)
[2025-07-07 20:42:53] [INFO] --- エージェント 'model_trainer' を実行中 ---
[2025-07-07 20:43:00] [INFO] --- エージェント 'model_trainer' の実行が完了しました ---
[2025-07-07 20:43:00] [INFO] エージェント 'model_trainer' の設定ファイルが見つかりません: /home/hirosi/my_yggdrasil_framework/agents/config/model_trainer.json (スキップします)
[2025-07-07 20:43:00] [INFO] --- エージェント 'model_trainer' を実行中 ---
[2025-07-07 20:43:06] [INFO] --- エージェント 'model_trainer' の実行が完了しました ---
[2025-07-07 20:43:06] [INFO] --- エージェント 'pipeline_orchestrator' の実行が完了しました ---
[2025-07-07 20:47:42] [INFO] エージェント 'report_generator_agent' の設定ファイルが見つかりません: /home/hirosi/my_yggdrasil_framework/agents/config/report_generator_agent.json (スキップします)
[2025-07-07 20:47:42] [INFO] --- エージェント 'report_generator_agent' を実行中 ---
[2025-07-07 20:47:42] [INFO] --- エージェント 'report_generator_agent' の実行が完了しました ---
[2025-07-07 20:48:24] [INFO] エージェント 'report_generator_agent' の設定ファイルが見つかりません: /home/hirosi/my_yggdrasil_framework/agents/config/report_generator_agent.json (スキップします)
[2025-07-07 20:48:24] [INFO] --- エージェント 'report_generator_agent' を実行中 ---
[2025-07-07 20:48:24] [INFO] --- エージェント 'report_generator_agent' の実行が完了しました ---
[2025-07-07 20:57:31] [INFO] エージェント 'pipeline_orchestrator' の設定ファイルが見つかりません: /home/hirosi/my_yggdrasil_framework/agents/config/pipeline_orchestrator.json (スキップします)
[2025-07-07 20:57:31] [INFO] --- エージェント 'pipeline_orchestrator' を実行中 ---
[2025-07-07 20:57:31] [INFO] エージェント 'model_trainer' の設定ファイルが見つかりません: /home/hirosi/my_yggdrasil_framework/agents/config/model_trainer.json (スキップします)
[2025-07-07 20:57:31] [INFO] --- エージェント 'model_trainer' を実行中 ---
[2025-07-07 20:57:32] [INFO] --- エージェント 'model_trainer' の実行が完了しました ---
[2025-07-07 20:57:32] [INFO] エージェント 'model_trainer' の設定ファイルが見つかりません: /home/hirosi/my_yggdrasil_framework/agents/config/model_trainer.json (スキップします)
[2025-07-07 20:57:32] [INFO] --- エージェント 'model_trainer' を実行中 ---
[2025-07-07 20:57:39] [INFO] --- エージェント 'model_trainer' の実行が完了しました ---
[2025-07-07 20:57:39] [INFO] エージェント 'model_trainer' の設定ファイルが見つかりません: /home/hirosi/my_yggdrasil_framework/agents/config/model_trainer.json (スキップします)
[2025-07-07 20:57:39] [INFO] --- エージェント 'model_trainer' を実行中 ---
[2025-07-07 20:57:46] [INFO] --- エージェント 'model_trainer' の実行が完了しました ---
[2025-07-07 20:57:46] [INFO] --- エージェント 'pipeline_orchestrator' の実行が完了しました ---
[2025-07-07 20:57:51] [INFO] エージェント 'report_generator_agent' の設定ファイルが見つかりません: /home/hirosi/my_yggdrasil_framework/agents/config/report_generator_agent.json (スキップします)
[2025-07-07 20:57:51] [INFO] --- エージェント 'report_generator_agent' を実行中 ---
[2025-07-07 20:57:51] [INFO] --- エージェント 'report_generator_agent' の実行が完了しました ---
[2025-07-07 21:17:28] [INFO] エージェント 'pipeline_orchestrator' の設定ファイルが見つかりません: /home/hirosi/my_yggdrasil_framework/agents/config/pipeline_orchestrator.json (スキップします)
[2025-07-07 21:17:28] [INFO] --- エージェント 'pipeline_orchestrator' を実行中 ---
[2025-07-07 21:17:28] [INFO] エージェント 'model_trainer' の設定ファイルが見つかりません: /home/hirosi/my_yggdrasil_framework/agents/config/model_trainer.json (スキップします)
[2025-07-07 21:17:28] [INFO] --- エージェント 'model_trainer' を実行中 ---
[2025-07-07 21:17:35] [INFO] --- エージェント 'model_trainer' の実行が完了しました ---
[2025-07-07 21:17:35] [INFO] エージェント 'model_trainer' の設定ファイルが見つかりません: /home/hirosi/my_yggdrasil_framework/agents/config/model_trainer.json (スキップします)
[2025-07-07 21:17:35] [INFO] --- エージェント 'model_trainer' を実行中 ---
[2025-07-07 21:17:41] [INFO] --- エージェント 'model_trainer' の実行が完了しました ---
[2025-07-07 21:17:41] [INFO] --- エージェント 'pipeline_orchestrator' の実行が完了しました ---
[2025-07-07 21:18:34] [INFO] エージェント 'pipeline_orchestrator' の設定ファイルが見つかりません: /home/hirosi/my_yggdrasil_framework/agents/config/pipeline_orchestrator.json (スキップします)
[2025-07-07 21:18:34] [INFO] --- エージェント 'pipeline_orchestrator' を実行中 ---
[2025-07-07 21:18:34] [INFO] エージェント 'model_trainer' の設定ファイルが見つかりません: /home/hirosi/my_yggdrasil_framework/agents/config/model_trainer.json (スキップします)
[2025-07-07 21:18:34] [INFO] --- エージェント 'model_trainer' を実行中 ---
[2025-07-07 21:18:41] [INFO] --- エージェント 'model_trainer' の実行が完了しました ---
[2025-07-07 21:18:41] [INFO] エージェント 'model_trainer' の設定ファイルが見つかりません: /home/hirosi/my_yggdrasil_framework/agents/config/model_trainer.json (スキップします)
[2025-07-07 21:18:41] [INFO] --- エージェント 'model_trainer' を実行中 ---
[2025-07-07 21:18:47] [INFO] --- エージェント 'model_trainer' の実行が完了しました ---
[2025-07-07 21:18:47] [INFO] --- エージェント 'pipeline_orchestrator' の実行が完了しました ---
[2025-07-07 21:19:00] [INFO] エージェント 'pipeline_orchestrator' の設定ファイルが見つかりません: /home/hirosi/my_yggdrasil_framework/agents/config/pipeline_orchestrator.json (スキップします)
[2025-07-07 21:19:00] [INFO] --- エージェント 'pipeline_orchestrator' を実行中 ---
[2025-07-07 21:19:00] [INFO] エージェント 'model_trainer' の設定ファイルが見つかりません: /home/hirosi/my_yggdrasil_framework/agents/config/model_trainer.json (スキップします)
[2025-07-07 21:19:00] [INFO] --- エージェント 'model_trainer' を実行中 ---
[2025-07-07 21:19:08] [INFO] --- エージェント 'model_trainer' の実行が完了しました ---
[2025-07-07 21:19:08] [INFO] エージェント 'model_trainer' の設定ファイルが見つかりません: /home/hirosi/my_yggdrasil_framework/agents/config/model_trainer.json (スキップします)
[2025-07-07 21:19:08] [INFO] --- エージェント 'model_trainer' を実行中 ---
[2025-07-07 21:19:14] [INFO] --- エージェント 'model_trainer' の実行が完了しました ---
[2025-07-07 21:19:14] [INFO] --- エージェント 'pipeline_orchestrator' の実行が完了しました ---
[2025-07-07 21:19:24] [INFO] エージェント 'report_generator_agent' の設定ファイルが見つかりません: /home/hirosi/my_yggdrasil_framework/agents/config/report_generator_agent.json (スキップします)
[2025-07-07 21:19:24] [INFO] --- エージェント 'report_generator_agent' を実行中 ---
[2025-07-07 21:19:24] [INFO] --- エージェント 'report_generator_agent' の実行が完了しました ---
[2025-07-07 21:20:29] [INFO] エージェント 'pipeline_orchestrator' の設定ファイルが見つかりません: /home/hirosi/my_yggdrasil_framework/agents/config/pipeline_orchestrator.json (スキップします)
[2025-07-07 21:20:29] [INFO] --- エージェント 'pipeline_orchestrator' を実行中 ---
[2025-07-07 21:20:29] [INFO] エージェント 'model_trainer' の設定ファイルが見つかりません: /home/hirosi/my_yggdrasil_framework/agents/config/model_trainer.json (スキップします)
[2025-07-07 21:20:29] [INFO] --- エージェント 'model_trainer' を実行中 ---
[2025-07-07 21:20:42] [INFO] --- エージェント 'model_trainer' の実行が完了しました ---
[2025-07-07 21:20:42] [INFO] エージェント 'model_trainer' の設定ファイルが見つかりません: /home/hirosi/my_yggdrasil_framework/agents/config/model_trainer.json (スキップします)
[2025-07-07 21:20:42] [INFO] --- エージェント 'model_trainer' を実行中 ---
[2025-07-07 21:20:48] [INFO] --- エージェント 'model_trainer' の実行が完了しました ---
[2025-07-07 21:20:48] [INFO] --- エージェント 'pipeline_orchestrator' の実行が完了しました ---
[2025-07-07 21:20:56] [INFO] エージェント 'report_generator_agent' の設定ファイルが見つかりません: /home/hirosi/my_yggdrasil_framework/agents/config/report_generator_agent.json (スキップします)
[2025-07-07 21:20:56] [INFO] --- エージェント 'report_generator_agent' を実行中 ---
[2025-07-07 21:20:56] [INFO] --- エージェント 'report_generator_agent' の実行が完了しました ---
[2025-07-07 21:25:08] [INFO] エージェント 'pipeline_orchestrator' の設定ファイルが見つかりません: /home/hirosi/my_yggdrasil_framework/agents/config/pipeline_orchestrator.json (スキップします)
[2025-07-07 21:25:08] [INFO] --- エージェント 'pipeline_orchestrator' を実行中 ---
[2025-07-07 21:25:08] [INFO] エージェント 'model_trainer' の設定ファイルが見つかりません: /home/hirosi/my_yggdrasil_framework/agents/config/model_trainer.json (スキップします)
[2025-07-07 21:25:08] [INFO] --- エージェント 'model_trainer' を実行中 ---
[2025-07-07 21:25:38] [INFO] --- エージェント 'model_trainer' の実行が完了しました ---
[2025-07-07 21:25:38] [INFO] エージェント 'model_trainer' の設定ファイルが見つかりません: /home/hirosi/my_yggdrasil_framework/agents/config/model_trainer.json (スキップします)
[2025-07-07 21:25:38] [INFO] --- エージェント 'model_trainer' を実行中 ---
[2025-07-07 21:25:44] [INFO] --- エージェント 'model_trainer' の実行が完了しました ---
[2025-07-07 21:25:44] [INFO] --- エージェント 'pipeline_orchestrator' の実行が完了しました ---
[2025-07-07 21:26:28] [INFO] エージェント 'report_generator_agent' の設定ファイルが見つかりません: /home/hirosi/my_yggdrasil_framework/agents/config/report_generator_agent.json (スキップします)
[2025-07-07 21:26:28] [INFO] --- エージェント 'report_generator_agent' を実行中 ---
[2025-07-07 21:26:28] [INFO] --- エージェント 'report_generator_agent' の実行が完了しました ---
[2025-07-07 21:29:34] [INFO] エージェント 'pipeline_orchestrator' の設定ファイルが見つかりません: /home/hirosi/my_yggdrasil_framework/agents/config/pipeline_orchestrator.json (スキップします)
[2025-07-07 21:29:34] [INFO] --- エージェント 'pipeline_orchestrator' を実行中 ---
[2025-07-07 21:29:34] [INFO] エージェント 'model_trainer' の設定ファイルが見つかりません: /home/hirosi/my_yggdrasil_framework/agents/config/model_trainer.json (スキップします)
[2025-07-07 21:29:34] [INFO] --- エージェント 'model_trainer' を実行中 ---
[2025-07-07 21:30:38] [INFO] --- エージェント 'model_trainer' の実行が完了しました ---
[2025-07-07 21:30:38] [INFO] エージェント 'model_trainer' の設定ファイルが見つかりません: /home/hirosi/my_yggdrasil_framework/agents/config/model_trainer.json (スキップします)
[2025-07-07 21:30:38] [INFO] --- エージェント 'model_trainer' を実行中 ---
[2025-07-07 21:30:44] [INFO] --- エージェント 'model_trainer' の実行が完了しました ---
[2025-07-07 21:30:44] [INFO] --- エージェント 'pipeline_orchestrator' の実行が完了しました ---
[2025-07-07 21:30:56] [INFO] エージェント 'report_generator_agent' の設定ファイルが見つかりません: /home/hirosi/my_yggdrasil_framework/agents/config/report_generator_agent.json (スキップします)
[2025-07-07 21:30:56] [INFO] --- エージェント 'report_generator_agent' を実行中 ---
[2025-07-07 21:30:56] [INFO] --- エージェント 'report_generator_agent' の実行が完了しました ---
[2025-07-07 21:32:34] [INFO] エージェント 'pipeline_orchestrator' の設定ファイルが見つかりません: /home/hirosi/my_yggdrasil_framework/agents/config/pipeline_orchestrator.json (スキップします)
[2025-07-07 21:32:34] [INFO] --- エージェント 'pipeline_orchestrator' を実行中 ---
[2025-07-07 21:32:34] [INFO] エージェント 'model_trainer' の設定ファイルが見つかりません: /home/hirosi/my_yggdrasil_framework/agents/config/model_trainer.json (スキップします)
[2025-07-07 21:32:34] [INFO] --- エージェント 'model_trainer' を実行中 ---
[2025-07-07 21:32:46] [INFO] --- エージェント 'model_trainer' の実行が完了しました ---
[2025-07-07 21:32:46] [INFO] エージェント 'model_trainer' の設定ファイルが見つかりません: /home/hirosi/my_yggdrasil_framework/agents/config/model_trainer.json (スキップします)
[2025-07-07 21:32:46] [INFO] --- エージェント 'model_trainer' を実行中 ---
[2025-07-07 21:32:52] [INFO] --- エージェント 'model_trainer' の実行が完了しました ---
[2025-07-07 21:32:52] [INFO] --- エージェント 'pipeline_orchestrator' の実行が完了しました ---
[2025-07-07 21:33:08] [INFO] エージェント 'report_generator_agent' の設定ファイルが見つかりません: /home/hirosi/my_yggdrasil_framework/agents/config/report_generator_agent.json (スキップします)
[2025-07-07 21:33:08] [INFO] --- エージェント 'report_generator_agent' を実行中 ---
[2025-07-07 21:33:08] [INFO] --- エージェント 'report_generator_agent' の実行が完了しました ---
[2025-07-07 21:33:26] [INFO] エージェント 'pipeline_orchestrator' の設定ファイルが見つかりません: /home/hirosi/my_yggdrasil_framework/agents/config/pipeline_orchestrator.json (スキップします)
[2025-07-07 21:33:26] [INFO] --- エージェント 'pipeline_orchestrator' を実行中 ---
[2025-07-07 21:33:26] [INFO] エージェント 'model_trainer' の設定ファイルが見つかりません: /home/hirosi/my_yggdrasil_framework/agents/config/model_trainer.json (スキップします)
[2025-07-07 21:33:26] [INFO] --- エージェント 'model_trainer' を実行中 ---
[2025-07-07 21:36:41] [INFO] --- エージェント 'model_trainer' の実行が完了しました ---
[2025-07-07 21:36:41] [INFO] エージェント 'model_trainer' の設定ファイルが見つかりません: /home/hirosi/my_yggdrasil_framework/agents/config/model_trainer.json (スキップします)
[2025-07-07 21:36:41] [INFO] --- エージェント 'model_trainer' を実行中 ---
[2025-07-07 21:36:48] [INFO] --- エージェント 'model_trainer' の実行が完了しました ---
[2025-07-07 21:36:48] [INFO] --- エージェント 'pipeline_orchestrator' の実行が完了しました ---
[2025-07-07 21:36:59] [INFO] エージェント 'report_generator_agent' の設定ファイルが見つかりません: /home/hirosi/my_yggdrasil_framework/agents/config/report_generator_agent.json (スキップします)
[2025-07-07 21:36:59] [INFO] --- エージェント 'report_generator_agent' を実行中 ---
[2025-07-07 21:36:59] [INFO] --- エージェント 'report_generator_agent' の実行が完了しました ---
[2025-07-07 21:40:59] [INFO] エージェント 'pipeline_orchestrator' の設定ファイルが見つかりません: /home/hirosi/my_yggdrasil_framework/agents/config/pipeline_orchestrator.json (スキップします)
[2025-07-07 21:40:59] [INFO] --- エージェント 'pipeline_orchestrator' を実行中 ---
[2025-07-07 21:40:59] [INFO] エージェント 'model_trainer' の設定ファイルが見つかりません: /home/hirosi/my_yggdrasil_framework/agents/config/model_trainer.json (スキップします)
[2025-07-07 21:40:59] [INFO] --- エージェント 'model_trainer' を実行中 ---
[2025-07-07 21:45:33] [INFO] --- エージェント 'model_trainer' の実行が完了しました ---
[2025-07-07 21:45:33] [INFO] エージェント 'model_trainer' の設定ファイルが見つかりません: /home/hirosi/my_yggdrasil_framework/agents/config/model_trainer.json (スキップします)
[2025-07-07 21:45:33] [INFO] --- エージェント 'model_trainer' を実行中 ---
[2025-07-07 21:45:42] [INFO] --- エージェント 'model_trainer' の実行が完了しました ---
[2025-07-07 21:45:42] [INFO] --- エージェント 'pipeline_orchestrator' の実行が完了しました ---
[2025-07-07 21:46:18] [INFO] エージェント 'report_generator_agent' の設定ファイルが見つかりません: /home/hirosi/my_yggdrasil_framework/agents/config/report_generator_agent.json (スキップします)
[2025-07-07 21:46:18] [INFO] --- エージェント 'report_generator_agent' を実行中 ---
[2025-07-07 21:46:18] [INFO] --- エージェント 'report_generator_agent' の実行が完了しました ---
[2025-07-07 21:53:19] [INFO] エージェント 'pipeline_orchestrator' の設定ファイルが見つかりません: /home/hirosi/my_yggdrasil_framework/agents/config/pipeline_orchestrator.json (スキップします)
[2025-07-07 21:53:19] [INFO] --- エージェント 'pipeline_orchestrator' を実行中 ---
[2025-07-07 21:53:19] [INFO] エージェント 'model_trainer' の設定ファイルが見つかりません: /home/hirosi/my_yggdrasil_framework/agents/config/model_trainer.json (スキップします)
[2025-07-07 21:53:19] [INFO] --- エージェント 'model_trainer' を実行中 ---
[2025-07-07 22:01:43] [INFO] --- エージェント 'model_trainer' の実行が完了しました ---
[2025-07-07 22:01:43] [INFO] エージェント 'model_trainer' の設定ファイルが見つかりません: /home/hirosi/my_yggdrasil_framework/agents/config/model_trainer.json (スキップします)
[2025-07-07 22:01:43] [INFO] --- エージェント 'model_trainer' を実行中 ---
[2025-07-07 22:01:51] [INFO] --- エージェント 'model_trainer' の実行が完了しました ---
[2025-07-07 22:01:51] [INFO] --- エージェント 'pipeline_orchestrator' の実行が完了しました ---
[2025-07-07 22:02:04] [INFO] エージェント 'report_generator_agent' の設定ファイルが見つかりません: /home/hirosi/my_yggdrasil_framework/agents/config/report_generator_agent.json (スキップします)
[2025-07-07 22:02:04] [INFO] --- エージェント 'report_generator_agent' を実行中 ---
[2025-07-07 22:02:04] [INFO] --- エージェント 'report_generator_agent' の実行が完了しました ---
[2025-07-07 22:12:06] [INFO] エージェント 'pipeline_orchestrator' の設定ファイルが見つかりません: /home/hirosi/my_yggdrasil_framework/agents/config/pipeline_orchestrator.json (スキップします)
[2025-07-07 22:12:06] [INFO] --- エージェント 'pipeline_orchestrator' を実行中 ---
[2025-07-07 22:12:06] [INFO] エージェント 'model_trainer' の設定ファイルが見つかりません: /home/hirosi/my_yggdrasil_framework/agents/config/model_trainer.json (スキップします)
[2025-07-07 22:12:06] [INFO] --- エージェント 'model_trainer' を実行中 ---
[2025-07-07 22:20:27] [INFO] --- エージェント 'model_trainer' の実行が完了しました ---
[2025-07-07 22:20:27] [INFO] エージェント 'model_trainer' の設定ファイルが見つかりません: /home/hirosi/my_yggdrasil_framework/agents/config/model_trainer.json (スキップします)
[2025-07-07 22:20:27] [INFO] --- エージェント 'model_trainer' を実行中 ---
[2025-07-07 22:20:36] [INFO] --- エージェント 'model_trainer' の実行が完了しました ---
[2025-07-07 22:20:36] [INFO] --- エージェント 'pipeline_orchestrator' の実行が完了しました ---
[2025-07-07 22:20:51] [INFO] エージェント 'report_generator_agent' の設定ファイルが見つかりません: /home/hirosi/my_yggdrasil_framework/agents/config/report_generator_agent.json (スキップします)
[2025-07-07 22:20:51] [INFO] --- エージェント 'report_generator_agent' を実行中 ---
[2025-07-07 22:20:51] [INFO] --- エージェント 'report_generator_agent' の実行が完了しました ---
[2025-07-07 22:25:00] [INFO] エージェント 'pipeline_orchestrator' の設定ファイルが見つかりません: /home/hirosi/my_yggdrasil_framework/agents/config/pipeline_orchestrator.json (スキップします)
[2025-07-07 22:25:00] [INFO] --- エージェント 'pipeline_orchestrator' を実行中 ---
[2025-07-07 22:25:00] [INFO] エージェント 'model_trainer' の設定ファイルが見つかりません: /home/hirosi/my_yggdrasil_framework/agents/config/model_trainer.json (スキップします)
[2025-07-07 22:25:00] [INFO] --- エージェント 'model_trainer' を実行中 ---
[2025-07-07 22:35:28] [INFO] --- エージェント 'model_trainer' の実行が完了しました ---
[2025-07-07 22:35:28] [INFO] エージェント 'model_trainer' の設定ファイルが見つかりません: /home/hirosi/my_yggdrasil_framework/agents/config/model_trainer.json (スキップします)
[2025-07-07 22:35:28] [INFO] --- エージェント 'model_trainer' を実行中 ---
[2025-07-07 22:35:36] [INFO] --- エージェント 'model_trainer' の実行が完了しました ---
[2025-07-07 22:35:36] [INFO] --- エージェント 'pipeline_orchestrator' の実行が完了しました ---
[2025-07-07 22:35:48] [INFO] エージェント 'report_generator_agent' の設定ファイルが見つかりません: /home/hirosi/my_yggdrasil_framework/agents/config/report_generator_agent.json (スキップします)
[2025-07-07 22:35:48] [INFO] --- エージェント 'report_generator_agent' を実行中 ---
[2025-07-07 22:35:48] [INFO] --- エージェント 'report_generator_agent' の実行が完了しました ---
[2025-07-07 22:38:28] [INFO] エージェント 'pipeline_orchestrator' の設定ファイルが見つかりません: /home/hirosi/my_yggdrasil_framework/agents/config/pipeline_orchestrator.json (スキップします)
[2025-07-07 22:38:28] [INFO] --- エージェント 'pipeline_orchestrator' を実行中 ---
[2025-07-07 22:38:28] [INFO] エージェント 'model_trainer' の設定ファイルが見つかりません: /home/hirosi/my_yggdrasil_framework/agents/config/model_trainer.json (スキップします)
[2025-07-07 22:38:28] [INFO] --- エージェント 'model_trainer' を実行中 ---
[2025-07-07 22:49:16] [INFO] --- エージェント 'model_trainer' の実行が完了しました ---
[2025-07-07 22:49:16] [INFO] エージェント 'model_trainer' の設定ファイルが見つかりません: /home/hirosi/my_yggdrasil_framework/agents/config/model_trainer.json (スキップします)
[2025-07-07 22:49:16] [INFO] --- エージェント 'model_trainer' を実行中 ---
[2025-07-07 22:49:24] [INFO] --- エージェント 'model_trainer' の実行が完了しました ---
[2025-07-07 22:49:24] [INFO] --- エージェント 'pipeline_orchestrator' の実行が完了しました ---
[2025-07-07 22:49:42] [INFO] エージェント 'report_generator_agent' の設定ファイルが見つかりません: /home/hirosi/my_yggdrasil_framework/agents/config/report_generator_agent.json (スキップします)
[2025-07-07 22:49:42] [INFO] --- エージェント 'report_generator_agent' を実行中 ---
[2025-07-07 22:49:42] [INFO] --- エージェント 'report_generator_agent' の実行が完了しました ---
